This is pdfTeX, Version 3.141592653-2.6-1.40.24 (MiKTeX 22.1) (preloaded format=pdflatex 2022.3.7)  11 MAY 2023 16:02
entering extended mode
 restricted \write18 enabled.
 %&-line parsing enabled.
**./refman.tex
(refman.tex
LaTeX2e <2021-11-15> patch level 1
L3 programming layer <2022-02-21>
(C:\Users\vince\AppData\Local\Programs\MiKTeX\tex/latex/base\book.cls
Document Class: book 2021/10/04 v1.4n Standard LaTeX document class
(C:\Users\vince\AppData\Local\Programs\MiKTeX\tex/latex/base\bk10.clo
File: bk10.clo 2021/10/04 v1.4n Standard LaTeX file (size option)
)
\c@part=\count185
\c@chapter=\count186
\c@section=\count187
\c@subsection=\count188
\c@subsubsection=\count189
\c@paragraph=\count190
\c@subparagraph=\count191
\c@figure=\count192
\c@table=\count193
\abovecaptionskip=\skip47
\belowcaptionskip=\skip48
\bibindent=\dimen138
)
(C:\Users\vince\AppData\Local\Programs\MiKTeX\tex/latex/base\ifthen.sty
Package: ifthen 2020/11/24 v1.1c Standard LaTeX ifthen package (DPC)
)
(C:\Users\vince\AppData\Local\Programs\MiKTeX\tex/latex/tools\array.sty
Rollback for package 'array' requested -> date 2016-10-06.
         Best approximation is the release introduced on 2016-10-06.

(C:\Users\vince\AppData\Local\Programs\MiKTeX\tex/latex/tools\array-2016-10-06.
sty
Package: array 2016/10/06 v2.4d Tabular extension package (FMi)
\col@sep=\dimen139
\extrarowheight=\dimen140
\NC@list=\toks16
\extratabsurround=\skip49
\backup@length=\skip50
)) (C:\Users\vince\AppData\Local\Programs\MiKTeX\tex/latex/base\fixltx2e.sty
Package: fixltx2e 2016/12/29 v2.1a fixes to LaTeX (obsolete)
Applying: [2015/01/01] Old fixltx2e package on input line 46.

Package fixltx2e Warning: fixltx2e is not required with releases after 2015
(fixltx2e)                All fixes are now in the LaTeX kernel.
(fixltx2e)                See the latexrelease package for details.

Already applied: [0000/00/00] Old fixltx2e package on input line 53.
) (doxygen.sty
Package: doxygen 

(C:\Users\vince\AppData\Local\Programs\MiKTeX\tex/latex/base\alltt.sty
Package: alltt 2021/01/29 v2.0g defines alltt environment
)
(C:\Users\vince\AppData\Local\Programs\MiKTeX\tex/latex/tools\calc.sty
Package: calc 2017/05/25 v4.3 Infix arithmetic (KKT,FJ)
\calc@Acount=\count194
\calc@Bcount=\count195
\calc@Adimen=\dimen141
\calc@Bdimen=\dimen142
\calc@Askip=\skip51
\calc@Bskip=\skip52
LaTeX Info: Redefining \setlength on input line 80.
LaTeX Info: Redefining \addtolength on input line 81.
\calc@Ccount=\count196
\calc@Cskip=\skip53
)
(C:\Users\vince\AppData\Local\Programs\MiKTeX\tex/latex/float\float.sty
Package: float 2001/11/08 v1.3d Float enhancements (AL)
\c@float@type=\count197
\float@exts=\toks17
\float@box=\box50
\@float@everytoks=\toks18
\@floatcapt=\box51
)
(C:\Users\vince\AppData\Local\Programs\MiKTeX\tex/latex/tools\verbatim.sty
Package: verbatim 2020-07-07 v1.5u LaTeX2e package for verbatim enhancements
\every@verbatim=\toks19
\verbatim@line=\toks20
\verbatim@in@stream=\read2
)
(C:\Users\vince\AppData\Local\Programs\MiKTeX\tex/latex/xcolor\xcolor.sty
Package: xcolor 2021/10/31 v2.13 LaTeX color extensions (UK)

(C:\Users\vince\AppData\Local\Programs\MiKTeX\tex/latex/graphics-cfg\color.cfg
File: color.cfg 2016/01/02 v1.6 sample color configuration
)
Package xcolor Info: Driver file: pdftex.def on input line 227.

(C:\Users\vince\AppData\Local\Programs\MiKTeX\tex/latex/graphics-def\pdftex.def
File: pdftex.def 2020/10/05 v1.2a Graphics/color driver for pdftex
) (C:\Users\vince\AppData\Local\Programs\MiKTeX\tex/latex/colortbl\colortbl.sty
Package: colortbl 2020/01/04 v1.0e Color table columns (DPC)
\everycr=\toks21
\minrowclearance=\skip54
)
\rownum=\count198
Package xcolor Info: Model `cmy' substituted by `cmy0' on input line 1352.
Package xcolor Info: Model `hsb' substituted by `rgb' on input line 1356.
Package xcolor Info: Model `RGB' extended on input line 1368.
Package xcolor Info: Model `HTML' substituted by `rgb' on input line 1370.
Package xcolor Info: Model `Hsb' substituted by `hsb' on input line 1371.
Package xcolor Info: Model `tHsb' substituted by `hsb' on input line 1372.
Package xcolor Info: Model `HSB' substituted by `hsb' on input line 1373.
Package xcolor Info: Model `Gray' substituted by `gray' on input line 1374.
Package xcolor Info: Model `wave' substituted by `hsb' on input line 1375.
) (longtable_doxygen.sty
Package: longtable_doxygen 2014/10/28 v4.11 Multi-page Table package (DPC) - fr
ozen version for doxygen
\LTleft=\skip55
\LTright=\skip56
\LTpre=\skip57
\LTpost=\skip58
\LTchunksize=\count199
\LTcapwidth=\dimen143
\LT@head=\box52
\LT@firsthead=\box53
\LT@foot=\box54
\LT@lastfoot=\box55
\LT@cols=\count266
\LT@rows=\count267
\c@LT@tables=\count268
\c@LT@chunks=\count269
\LT@p@ftn=\toks22
) (tabu_doxygen.sty
Package: tabu_doxygen 2011/02/26 v2.8 - flexible LaTeX tabulars (FC), frozen ve
rsion for doxygen

(C:\Users\vince\AppData\Local\Programs\MiKTeX\tex/latex/varwidth\varwidth.sty
Package: varwidth 2009/03/30 ver 0.92;  Variable-width minipages
\@vwid@box=\box56
\sift@deathcycles=\count270
\@vwid@loff=\dimen144
\@vwid@roff=\dimen145
)
\c@taburow=\count271
\tabu@nbcols=\count272
\tabu@cnt=\count273
\tabu@Xcol=\count274
\tabu@alloc=\count275
\tabu@nested=\count276
\tabu@target=\dimen146
\tabu@spreadtarget=\dimen147
\tabu@naturalX=\dimen148
\tabucolX=\dimen149
\tabu@Xsum=\dimen150
\extrarowdepth=\dimen151
\abovetabulinesep=\dimen152
\belowtabulinesep=\dimen153
\tabustrutrule=\dimen154
\tabu@thebody=\toks23
\tabu@footnotes=\toks24
\tabu@box=\box57
\tabu@arstrutbox=\box58
\tabu@hleads=\box59
\tabu@vleads=\box60
\tabu@cellskip=\skip59
) (C:\Users\vince\AppData\Local\Programs\MiKTeX\tex/latex/fancyvrb\fancyvrb.sty
Package: fancyvrb 2021/12/21 4.1b verbatim text (tvz,hv)

(C:\Users\vince\AppData\Local\Programs\MiKTeX\tex/latex/graphics\keyval.sty
Package: keyval 2014/10/28 v1.15 key=value parser (DPC)
\KV@toks@=\toks25
)
\FV@CodeLineNo=\count277
\FV@InFile=\read3
\FV@TabBox=\box61
\c@FancyVerbLine=\count278
\FV@StepNumber=\count279
\FV@OutFile=\write3
)
(C:\Users\vince\AppData\Local\Programs\MiKTeX\tex/latex/tools\tabularx.sty
Package: tabularx 2020/01/15 v2.11c `tabularx' package (DPC)
\TX@col@width=\dimen155
\TX@old@table=\dimen156
\TX@old@col=\dimen157
\TX@target=\dimen158
\TX@delta=\dimen159
\TX@cols=\count280
\TX@ftn=\toks26
)
(C:\Users\vince\AppData\Local\Programs\MiKTeX\tex/latex/tools\multicol.sty
Package: multicol 2021/10/28 v1.9b multicolumn formatting (FMi)
\c@tracingmulticols=\count281
\mult@box=\box62
\multicol@leftmargin=\dimen160
\c@unbalance=\count282
\c@collectmore=\count283
\doublecol@number=\count284
\multicoltolerance=\count285
\multicolpretolerance=\count286
\full@width=\dimen161
\page@free=\dimen162
\premulticols=\dimen163
\postmulticols=\dimen164
\multicolsep=\skip60
\multicolbaselineskip=\skip61
\partial@page=\box63
\last@line=\box64
\maxbalancingoverflow=\dimen165
\mult@rightbox=\box65
\mult@grightbox=\box66
\mult@firstbox=\box67
\mult@gfirstbox=\box68
\@tempa=\box69
\@tempa=\box70
\@tempa=\box71
\@tempa=\box72
\@tempa=\box73
\@tempa=\box74
\@tempa=\box75
\@tempa=\box76
\@tempa=\box77
\@tempa=\box78
\@tempa=\box79
\@tempa=\box80
\@tempa=\box81
\@tempa=\box82
\@tempa=\box83
\@tempa=\box84
\@tempa=\box85
\@tempa=\box86
\@tempa=\box87
\@tempa=\box88
\@tempa=\box89
\@tempa=\box90
\@tempa=\box91
\@tempa=\box92
\@tempa=\box93
\@tempa=\box94
\@tempa=\box95
\@tempa=\box96
\@tempa=\box97
\@tempa=\box98
\@tempa=\box99
\@tempa=\box100
\@tempa=\box101
\@tempa=\box102
\@tempa=\box103
\@tempa=\box104
\c@minrows=\count287
\c@columnbadness=\count288
\c@finalcolumnbadness=\count289
\last@try=\dimen166
\multicolovershoot=\dimen167
\multicolundershoot=\dimen168
\mult@nat@firstbox=\box105
\colbreak@box=\box106
\mc@col@check@num=\count290
)
(C:\Users\vince\AppData\Local\Programs\MiKTeX\tex/latex/multirow\multirow.sty
Package: multirow 2021/03/15 v2.8 Span multiple rows of a table
\multirow@colwidth=\skip62
\multirow@cntb=\count291
\multirow@dima=\skip63
\bigstrutjot=\dimen169
)
(C:\Users\vince\AppData\Local\Programs\MiKTeX\tex/latex/hanging\hanging.sty
Package: hanging 2009/09/02 v1.2b hanging paragraphs and punctuation
\h@ngcommawd=\skip64
\h@ngfstopwd=\skip65
\h@ngquotewd=\skip66
\h@ngdquotewd=\skip67
\h@ngquerywd=\skip68
\h@ngexclwd=\skip69
\h@ngcolonwd=\skip70
\h@ngscolonwd=\skip71
)
(C:\Users\vince\AppData\Local\Programs\MiKTeX\tex/generic/iftex\ifpdf.sty
Package: ifpdf 2019/10/25 v3.4 ifpdf legacy package. Use iftex instead.

(C:\Users\vince\AppData\Local\Programs\MiKTeX\tex/generic/iftex\iftex.sty
Package: iftex 2022/02/03 v1.0f TeX engine tests
))
(C:\Users\vince\AppData\Local\Programs\MiKTeX\tex/latex/adjustbox\adjustbox.sty
Package: adjustbox 2020/08/19 v1.3 Adjusting TeX boxes (trim, clip, ...)
(C:\Users\vince\AppData\Local\Programs\MiKTeX\tex/latex/xkeyval\xkeyval.sty
Package: xkeyval 2020/11/20 v2.8 package option processing (HA)

(C:\Users\vince\AppData\Local\Programs\MiKTeX\tex/generic/xkeyval\xkeyval.tex
(C:\Users\vince\AppData\Local\Programs\MiKTeX\tex/generic/xkeyval\xkvutils.tex
\XKV@toks=\toks27
\XKV@tempa@toks=\toks28
)
\XKV@depth=\count292
File: xkeyval.tex 2014/12/03 v2.7a key=value parser (HA)
))
(C:\Users\vince\AppData\Local\Programs\MiKTeX\tex/latex/adjustbox\adjcalc.sty
Package: adjcalc 2012/05/16 v1.1 Provides advanced setlength with multiple back
-ends (calc, etex, pgfmath)
)
(C:\Users\vince\AppData\Local\Programs\MiKTeX\tex/latex/adjustbox\trimclip.sty
Package: trimclip 2020/08/19 v1.2 Trim and clip general TeX material

(C:\Users\vince\AppData\Local\Programs\MiKTeX\tex/latex/graphics\graphicx.sty
Package: graphicx 2021/09/16 v1.2d Enhanced LaTeX Graphics (DPC,SPQR)

(C:\Users\vince\AppData\Local\Programs\MiKTeX\tex/latex/graphics\graphics.sty
Package: graphics 2021/03/04 v1.4d Standard LaTeX Graphics (DPC,SPQR)

(C:\Users\vince\AppData\Local\Programs\MiKTeX\tex/latex/graphics\trig.sty
Package: trig 2021/08/11 v1.11 sin cos tan (DPC)
)
(C:\Users\vince\AppData\Local\Programs\MiKTeX\tex/latex/graphics-cfg\graphics.c
fg
File: graphics.cfg 2016/06/04 v1.11 sample graphics configuration
)
Package graphics Info: Driver file: pdftex.def on input line 107.
)
\Gin@req@height=\dimen170
\Gin@req@width=\dimen171
)
(C:\Users\vince\AppData\Local\Programs\MiKTeX\tex/latex/collectbox\collectbox.s
ty
Package: collectbox 2012/05/17 v0.4b Collect macro arguments as boxes
\collectedbox=\box107
)
\tc@llx=\dimen172
\tc@lly=\dimen173
\tc@urx=\dimen174
\tc@ury=\dimen175
Package trimclip Info: Using driver 'tc-pdftex.def'.

(C:\Users\vince\AppData\Local\Programs\MiKTeX\tex/latex/adjustbox\tc-pdftex.def
File: tc-pdftex.def 2019/01/04 v2.2 Clipping driver for pdftex
))
\adjbox@Width=\dimen176
\adjbox@Height=\dimen177
\adjbox@Depth=\dimen178
\adjbox@Totalheight=\dimen179
\adjbox@pwidth=\dimen180
\adjbox@pheight=\dimen181
\adjbox@pdepth=\dimen182
\adjbox@ptotalheight=\dimen183

(C:\Users\vince\AppData\Local\Programs\MiKTeX\tex/latex/ifoddpage\ifoddpage.sty
Package: ifoddpage 2016/04/23 v1.1 Conditionals for odd/even page detection
\c@checkoddpage=\count293
)) (C:\Users\vince\AppData\Local\Programs\MiKTeX\tex/latex/amsfonts\amssymb.sty
Package: amssymb 2013/01/14 v3.01 AMS font symbols
(C:\Users\vince\AppData\Local\Programs\MiKTeX\tex/latex/amsfonts\amsfonts.sty
Package: amsfonts 2013/01/14 v3.01 Basic AMSFonts support
\@emptytoks=\toks29
\symAMSa=\mathgroup4
\symAMSb=\mathgroup5
LaTeX Font Info:    Redeclaring math symbol \hbar on input line 98.
LaTeX Font Info:    Overwriting math alphabet `\mathfrak' in version `bold'
(Font)                  U/euf/m/n --> U/euf/b/n on input line 106.
))
(C:\Users\vince\AppData\Local\Programs\MiKTeX\tex/latex/stackengine\stackengine
.sty
Package: stackengine 2021/07/22 v4.11\ Stacking text and objects in convenient 
ways

(C:\Users\vince\AppData\Local\Programs\MiKTeX\tex/latex/etoolbox\etoolbox.sty
Package: etoolbox 2020/10/05 v2.5k e-TeX tools for LaTeX (JAW)
\etb@tempcnta=\count294
)
(C:\Users\vince\AppData\Local\Programs\MiKTeX\tex/latex/listofitems\listofitems
.sty
(C:\Users\vince\AppData\Local\Programs\MiKTeX\tex/generic/listofitems\listofite
ms.tex
\loi_cnt_foreach_nest=\count295
\loi_nestcnt=\count296
)
Package: listofitems 2019/08/21 v1.63 Grab items in lists using user-specified 
sep char (CT)
)
\c@@stackindex=\count297
\@boxshift=\skip72
\stack@tmplength=\skip73
\temp@stkl=\skip74
\@stackedboxwidth=\skip75
\@addedbox=\box108
\@anchorbox=\box109
\@insetbox=\box110
\se@backgroundbox=\box111
\stackedbox=\box112
\@centerbox=\box113
\c@ROWcellindex@=\count298
)
(C:\Users\vince\AppData\Local\Programs\MiKTeX\tex/latex/enumitem\enumitem.sty
Package: enumitem 2019/06/20 v3.9 Customized lists
\labelindent=\skip76
\enit@outerparindent=\dimen184
\enit@toks=\toks30
\enit@inbox=\box114
\enit@count@id=\count299
\enitdp@description=\count300
)
(C:\Users\vince\AppData\Local\Programs\MiKTeX\tex/generic/alphalph\alphalph.sty
Package: alphalph 2019/12/09 v2.6 Convert numbers to letters (HO)

(C:\Users\vince\AppData\Local\Programs\MiKTeX\tex/generic/infwarerr\infwarerr.s
ty
Package: infwarerr 2019/12/03 v1.5 Providing info/warning/error messages (HO)
)
(C:\Users\vince\AppData\Local\Programs\MiKTeX\tex/generic/intcalc\intcalc.sty
Package: intcalc 2019/12/15 v1.3 Expandable calculations with integers (HO)
)) (C:\Users\vince\AppData\Local\Programs\MiKTeX\tex/latex/ulem\ulem.sty
\UL@box=\box115
\UL@hyphenbox=\box116
\UL@skip=\skip77
\UL@hook=\toks31
\UL@height=\dimen185
\UL@pe=\count301
\UL@pixel=\dimen186
\ULC@box=\box117
Package: ulem 2019/11/18
\ULdepth=\dimen187
)
\xrefbox=\box118
\xreflength=\skip78
\CodeWidthChar=\skip79
\CodeHeightChar=\skip80
\DoxyCodeWidth=\skip81
\c@DoxyEnumeratei=\count302
\c@DoxyEnumerateii=\count303
\c@DoxyEnumerateiii=\count304
\c@DoxyEnumerateiv=\count305
\c@DoxyEnumeratev=\count306
\c@DoxyEnumeratevi=\count307
\c@DoxyEnumeratevii=\count308
\c@DoxyEnumerateviii=\count309
\c@DoxyEnumerateix=\count310
\c@DoxyEnumeratex=\count311
\c@DoxyEnumeratexi=\count312
\c@DoxyEnumeratexii=\count313
\enitdp@DoxyEnumerate=\count314
\enitdp@DoxyItemize=\count315
)
(C:\Users\vince\AppData\Local\Programs\MiKTeX\tex/latex/base\inputenc.sty
Package: inputenc 2021/02/14 v1.3d Input encoding file
\inpenc@prehook=\toks32
\inpenc@posthook=\toks33
)
(C:\Users\vince\AppData\Local\Programs\MiKTeX\tex/latex/base\makeidx.sty
Package: makeidx 2021/10/04 v1.0m Standard LaTeX package
)
(C:\Users\vince\AppData\Local\Programs\MiKTeX\tex/latex/base\textcomp.sty
Package: textcomp 2020/02/02 v2.0n Standard LaTeX package
)
(C:\Users\vince\AppData\Local\Programs\MiKTeX\tex/latex/wasysym\wasysym.sty
Package: wasysym 2020/01/19 v2.4 Wasy-2 symbol support package
\symwasy=\mathgroup6
LaTeX Font Info:    Overwriting symbol font `wasy' in version `bold'
(Font)                  U/wasy/m/n --> U/wasy/b/n on input line 93.
)
(C:\Users\vince\AppData\Local\Programs\MiKTeX\tex/generic/iftex\ifxetex.sty
Package: ifxetex 2019/10/25 v0.7 ifxetex legacy package. Use iftex instead.
)
(C:\Users\vince\AppData\Local\Programs\MiKTeX\tex/generic/babel\babel.sty
Package: babel 2022/02/13 3.71 The Babel package
\babel@savecnt=\count316
\U@D=\dimen188
\l@unhyphenated=\language79

(C:\Users\vince\AppData\Local\Programs\MiKTeX\tex/generic/babel\txtbabel.def)
\bbl@readstream=\read4
\bbl@dirlevel=\count317

*************************************
* Local config file bblopts.cfg used
*
(C:\Users\vince\AppData\Local\Programs\MiKTeX\tex/latex/arabi\bblopts.cfg
File: bblopts.cfg 2005/09/08 v0.1 add Arabic and Farsi to "declared" options of
 babel
)
(C:\Users\vince\AppData\Local\Programs\MiKTeX\tex/generic/babel-french\french.l
df
Language: french 2021/07/20 v3.5m French support from the babel system
Package babel Info: Hyphen rules for 'acadian' set to \l@french
(babel)             (\language22). Reported on input line 91.
Package babel Info: Hyphen rules for 'canadien' set to \l@french
(babel)             (\language22). Reported on input line 92.
\FB@nonchar=\count318
Package babel Info: Making : an active character on input line 430.
Package babel Info: Making ; an active character on input line 431.
Package babel Info: Making ! an active character on input line 432.
Package babel Info: Making ? an active character on input line 433.
\FBguill@level=\count319
\FBold@everypar=\toks34
\FB@Mht=\dimen189
\mc@charclass=\count320
\mc@charfam=\count321
\mc@charslot=\count322
\std@mcc=\count323
\dec@mcc=\count324
\listindentFB=\dimen190
\descindentFB=\dimen191
\labelindentFB=\dimen192
\labelwidthFB=\dimen193
\leftmarginFB=\dimen194
\parindentFFN=\dimen195
\FBfnindent=\dimen196
))
(C:\Users\vince\AppData\Local\Programs\MiKTeX\tex/latex/carlisle\scalefnt.sty)
(C:\Users\vince\AppData\Local\Programs\MiKTeX\tex/latex/base\fontenc.sty
Package: fontenc 2021/04/29 v2.0v Standard LaTeX package
)
(C:\Users\vince\AppData\Local\Programs\MiKTeX\tex/latex/psnfss\helvet.sty
Package: helvet 2020/03/25 PSNFSS-v9.3 (WaS) 
)
(C:\Users\vince\AppData\Local\Programs\MiKTeX\tex/latex/psnfss\courier.sty
Package: courier 2020/03/25 PSNFSS-v9.3 (WaS) 
)
(C:\Users\vince\AppData\Local\Programs\MiKTeX\tex/latex/sectsty\sectsty.sty
Package: sectsty 2002/02/25 v2.0.2 Commands to change all sectional heading sty
les


LaTeX Warning: Command \underbar  has changed.
               Check if current package is valid.


LaTeX Warning: Command \underline  has changed.
               Check if current package is valid.

) (C:\Users\vince\AppData\Local\Programs\MiKTeX\tex/latex/geometry\geometry.sty
Package: geometry 2020/01/02 v5.9 Page Geometry
(C:\Users\vince\AppData\Local\Programs\MiKTeX\tex/generic/iftex\ifvtex.sty
Package: ifvtex 2019/10/25 v1.7 ifvtex legacy package. Use iftex instead.
)
\Gm@cnth=\count325
\Gm@cntv=\count326
\c@Gm@tempcnt=\count327
\Gm@bindingoffset=\dimen197
\Gm@wd@mp=\dimen198
\Gm@odd@mp=\dimen199
\Gm@even@mp=\dimen256
\Gm@layoutwidth=\dimen257
\Gm@layoutheight=\dimen258
\Gm@layouthoffset=\dimen259
\Gm@layoutvoffset=\dimen260
\Gm@dimlist=\toks35

(C:\Users\vince\AppData\Local\Programs\MiKTeX\tex/latex/geometry\geometry.cfg))

(C:\Users\vince\AppData\Local\Programs\MiKTeX\tex/latex/changepage\changepage.s
ty
Package: changepage 2009/10/20 v1.0c check page and change page layout
\c@cp@cntr=\count328
\cp@tempcnt=\count329
LaTeX Info: Redefining \checkoddpage on input line 59.
)
(C:\Users\vince\AppData\Local\Programs\MiKTeX\tex/latex/fancyhdr\fancyhdr.sty
Package: fancyhdr 2021/01/28 v4.0.1 Extensive control of page headers and foote
rs
\f@nch@headwidth=\skip82
\f@nch@O@elh=\skip83
\f@nch@O@erh=\skip84
\f@nch@O@olh=\skip85
\f@nch@O@orh=\skip86
\f@nch@O@elf=\skip87
\f@nch@O@erf=\skip88
\f@nch@O@olf=\skip89
\f@nch@O@orf=\skip90
)
(C:\Users\vince\AppData\Local\Programs\MiKTeX\tex/latex/natbib\natbib.sty
Package: natbib 2010/09/13 8.31b (PWD, AO)
\bibhang=\skip91
\bibsep=\skip92
LaTeX Info: Redefining \cite on input line 694.
\c@NAT@ctr=\count330
)
(C:\Users\vince\AppData\Local\Programs\MiKTeX\tex/latex/tocloft\tocloft.sty
Package: tocloft 2017/08/31 v2.3i parameterised ToC, etc., typesetting
Package tocloft Info: The document has chapter divisions on input line 51.
\cftparskip=\skip93
\cftbeforetoctitleskip=\skip94
\cftaftertoctitleskip=\skip95
\cftbeforepartskip=\skip96
\cftpartnumwidth=\skip97
\cftpartindent=\skip98
\cftbeforechapskip=\skip99
\cftchapindent=\skip100
\cftchapnumwidth=\skip101
\cftbeforesecskip=\skip102
\cftsecindent=\skip103
\cftsecnumwidth=\skip104
\cftbeforesubsecskip=\skip105
\cftsubsecindent=\skip106
\cftsubsecnumwidth=\skip107
\cftbeforesubsubsecskip=\skip108
\cftsubsubsecindent=\skip109
\cftsubsubsecnumwidth=\skip110
\cftbeforeparaskip=\skip111
\cftparaindent=\skip112
\cftparanumwidth=\skip113
\cftbeforesubparaskip=\skip114
\cftsubparaindent=\skip115
\cftsubparanumwidth=\skip116
\cftbeforeloftitleskip=\skip117
\cftafterloftitleskip=\skip118
\cftbeforefigskip=\skip119
\cftfigindent=\skip120
\cftfignumwidth=\skip121
\c@lofdepth=\count331
\c@lotdepth=\count332
\cftbeforelottitleskip=\skip122
\cftafterlottitleskip=\skip123
\cftbeforetabskip=\skip124
\cfttabindent=\skip125
\cfttabnumwidth=\skip126
)
\@indexfile=\write4
\openout4 = `refman.idx'.


Writing index file refman.idx

(C:\Users\vince\AppData\Local\Programs\MiKTeX\tex/latex/newunicodechar\newunico
dechar.sty
Package: newunicodechar 2018/04/08 v1.2 Defining Unicode characters
)

Package newunicodechar Warning: Redefining Unicode character on input line 119.



Package newunicodechar Warning: Redefining Unicode character on input line 120.


(C:\Users\vince\AppData\Local\Programs\MiKTeX\tex/latex/hyperref\hyperref.sty
Package: hyperref 2021-06-07 v7.00m Hypertext links for LaTeX

(C:\Users\vince\AppData\Local\Programs\MiKTeX\tex/generic/ltxcmds\ltxcmds.sty
Package: ltxcmds 2020-05-10 v1.25 LaTeX kernel commands for general use (HO)
)
(C:\Users\vince\AppData\Local\Programs\MiKTeX\tex/generic/pdftexcmds\pdftexcmds
.sty
Package: pdftexcmds 2020-06-27 v0.33 Utility functions of pdfTeX for LuaTeX (HO
)
Package pdftexcmds Info: \pdf@primitive is available.
Package pdftexcmds Info: \pdf@ifprimitive is available.
Package pdftexcmds Info: \pdfdraftmode found.
)
(C:\Users\vince\AppData\Local\Programs\MiKTeX\tex/generic/kvsetkeys\kvsetkeys.s
ty
Package: kvsetkeys 2019/12/15 v1.18 Key value parser (HO)
)
(C:\Users\vince\AppData\Local\Programs\MiKTeX\tex/generic/kvdefinekeys\kvdefine
keys.sty
Package: kvdefinekeys 2019-12-19 v1.6 Define keys (HO)
)
(C:\Users\vince\AppData\Local\Programs\MiKTeX\tex/generic/pdfescape\pdfescape.s
ty
Package: pdfescape 2019/12/09 v1.15 Implements pdfTeX's escape features (HO)
) (C:\Users\vince\AppData\Local\Programs\MiKTeX\tex/latex/hycolor\hycolor.sty
Package: hycolor 2020-01-27 v1.10 Color options for hyperref/bookmark (HO)
)
(C:\Users\vince\AppData\Local\Programs\MiKTeX\tex/latex/letltxmacro\letltxmacro
.sty
Package: letltxmacro 2019/12/03 v1.6 Let assignment for LaTeX macros (HO)
)
(C:\Users\vince\AppData\Local\Programs\MiKTeX\tex/latex/auxhook\auxhook.sty
Package: auxhook 2019-12-17 v1.6 Hooks for auxiliary files (HO)
)
(C:\Users\vince\AppData\Local\Programs\MiKTeX\tex/latex/kvoptions\kvoptions.sty
Package: kvoptions 2020-10-07 v3.14 Key value format for package options (HO)
)
\@linkdim=\dimen261
\Hy@linkcounter=\count333
\Hy@pagecounter=\count334
 (C:\Users\vince\AppData\Local\Programs\MiKTeX\tex/latex/hyperref\pd1enc.def
File: pd1enc.def 2021-06-07 v7.00m Hyperref: PDFDocEncoding definition (HO)
Now handling font encoding PD1 ...
... no UTF-8 mapping file for font encoding PD1
)
(C:\Users\vince\AppData\Local\Programs\MiKTeX\tex/latex/hyperref\hyperref-langp
atches.def
File: hyperref-langpatches.def 2021-06-07 v7.00m Hyperref: patches for babel la
nguages
)
(C:\Users\vince\AppData\Local\Programs\MiKTeX\tex/generic/etexcmds\etexcmds.sty
Package: etexcmds 2019/12/15 v1.7 Avoid name clashes with e-TeX commands (HO)
)
\Hy@SavedSpaceFactor=\count335
 (C:\Users\vince\AppData\Local\Programs\MiKTeX\tex/latex/hyperref\puenc.def
File: puenc.def 2021-06-07 v7.00m Hyperref: PDF Unicode definition (HO)
Now handling font encoding PU ...
... no UTF-8 mapping file for font encoding PU
)
Package hyperref Info: Hyper figures OFF on input line 4192.
Package hyperref Info: Link nesting OFF on input line 4197.
Package hyperref Info: Hyper index ON on input line 4200.
Package hyperref Info: Plain pages OFF on input line 4207.
Package hyperref Info: Backreferencing ON on input line 4210.
Package hyperref Info: Implicit mode ON; LaTeX internals redefined.
Package hyperref Info: Bookmarks ON on input line 4445.

(C:\Users\vince\AppData\Local\Programs\MiKTeX\tex/latex/hyperref\backref.sty
Package: backref 2021/02/04 v1.41 Bibliographical back referencing

(C:\Users\vince\AppData\Local\Programs\MiKTeX\tex/latex/rerunfilecheck\rerunfil
echeck.sty
Package: rerunfilecheck 2019/12/05 v1.9 Rerun checks for auxiliary files (HO)

(C:\Users\vince\AppData\Local\Programs\MiKTeX\tex/latex/base\atveryend-ltx.sty
Package: atveryend-ltx 2020/08/19 v1.0a Emulation of the original atveryend pac
kage
with kernel methods
)
(C:\Users\vince\AppData\Local\Programs\MiKTeX\tex/generic/uniquecounter\uniquec
ounter.sty
Package: uniquecounter 2019/12/15 v1.4 Provide unlimited unique counter (HO)

(C:\Users\vince\AppData\Local\Programs\MiKTeX\tex/generic/bigintcalc\bigintcalc
.sty
Package: bigintcalc 2019/12/15 v1.5 Expandable calculations on big integers (HO
)
))
Package uniquecounter Info: New unique counter `rerunfilecheck' on input line 2
86.
))
\c@Hy@tempcnt=\count336
 (C:\Users\vince\AppData\Local\Programs\MiKTeX\tex/latex/url\url.sty
\Urlmuskip=\muskip16
Package: url 2013/09/16  ver 3.4  Verb mode for urls, etc.
)
LaTeX Info: Redefining \url on input line 4804.
\XeTeXLinkMargin=\dimen262

(C:\Users\vince\AppData\Local\Programs\MiKTeX\tex/generic/bitset\bitset.sty
Package: bitset 2019/12/09 v1.3 Handle bit-vector datatype (HO)
)
\Fld@menulength=\count337
\Field@Width=\dimen263
\Fld@charsize=\dimen264
Package hyperref Info: Hyper figures OFF on input line 6076.
Package hyperref Info: Link nesting OFF on input line 6081.
Package hyperref Info: Hyper index ON on input line 6084.
Package hyperref Info: backreferencing ON on input line 6089.
Package hyperref Info: Link coloring OFF on input line 6096.
Package hyperref Info: Link coloring with OCG OFF on input line 6101.
Package hyperref Info: PDF/A mode OFF on input line 6106.
LaTeX Info: Redefining \ref on input line 6146.
LaTeX Info: Redefining \pageref on input line 6150.

(C:\Users\vince\AppData\Local\Programs\MiKTeX\tex/latex/base\atbegshi-ltx.sty
Package: atbegshi-ltx 2021/01/10 v1.0c Emulation of the original atbegshi
package with kernel methods
)
\Hy@abspage=\count338
\c@Item=\count339
\c@Hfootnote=\count340


LaTeX Warning: Command \LT@p@ftntext  has changed.
               Check if current package is valid.

)
Package hyperref Info: Driver: hpdftex.
 (C:\Users\vince\AppData\Local\Programs\MiKTeX\tex/latex/hyperref\hpdftex.def
File: hpdftex.def 2021-06-07 v7.00m Hyperref driver for pdfTeX
\Fld@listcount=\count341
\c@bookmark@seq@number=\count342
\Hy@SectionHShift=\skip127
)
Package hyperref Info: Option `colorlinks' set `true' on input line 139.
Package hyperref Info: Option `unicode' set `true' on input line 139.
(C:\Users\vince\AppData\Local\Programs\MiKTeX\tex/latex/caption\caption.sty
Package: caption 2022/02/20 v3.6 Customizing captions (AR)

(C:\Users\vince\AppData\Local\Programs\MiKTeX\tex/latex/caption\caption3.sty
Package: caption3 2022/01/07 v2.3 caption3 kernel (AR)
\caption@tempdima=\dimen265
\captionmargin=\dimen266
\caption@leftmargin=\dimen267
\caption@rightmargin=\dimen268
\caption@width=\dimen269
\caption@indent=\dimen270
\caption@parindent=\dimen271
\caption@hangindent=\dimen272
Package caption Info: Standard document class detected.
Package caption Info: french babel package is loaded.
)
\c@caption@flags=\count343
\c@continuedfloat=\count344
Package caption Info: changepage package is loaded.
\caption@adjustwidth@hsize=\dimen273
\caption@adjustwidth@linewidth=\dimen274
Package caption Info: float package is loaded.
Package caption Info: hyperref package is loaded.
Package caption Info: longtable package is loaded.

(C:\Users\vince\AppData\Local\Programs\MiKTeX\tex/latex/caption\ltcaption.sty
Package: ltcaption 2021/01/08 v1.4c longtable captions (AR)
)) (C:\Users\vince\AppData\Local\Programs\MiKTeX\tex/latex/etoc\etoc.sty
Package: etoc 2021/09/23 v1.09e Completely customisable TOCs (JFB)
\Etoc@toctoks=\toks36
\c@etoc@tocid=\count345
\c@etoc@tocdepth=\count346
\etoc@framed@titlebox=\box119
\etoc@framed@contentsbox=\box120
)
LaTeX Font Info:    Trying to load font information for T1+phv on input line 15
5.

(C:\Users\vince\AppData\Local\Programs\MiKTeX\tex/latex/psnfss\t1phv.fd
File: t1phv.fd 2020/03/25 scalable font definitions for T1/phv.
)
LaTeX Font Info:    Font shape `T1/phv/m/n' will be
(Font)              scaled to size 8.99994pt on input line 155.

(C:\Users\vince\AppData\Local\Programs\MiKTeX\tex/latex/l3backend\l3backend-pdf
tex.def
File: l3backend-pdftex.def 2022-02-07 L3 backend support: PDF output (pdfTeX)
\l__color_backend_stack_int=\count347
\l__pdf_internal_box=\box121
) (refman.aux)
\openout1 = `refman.aux'.

LaTeX Font Info:    Checking defaults for OML/cmm/m/it on input line 155.
LaTeX Font Info:    ... okay on input line 155.
LaTeX Font Info:    Checking defaults for OMS/cmsy/m/n on input line 155.
LaTeX Font Info:    ... okay on input line 155.
LaTeX Font Info:    Checking defaults for OT1/cmr/m/n on input line 155.
LaTeX Font Info:    ... okay on input line 155.
LaTeX Font Info:    Checking defaults for T1/cmr/m/n on input line 155.
LaTeX Font Info:    ... okay on input line 155.
LaTeX Font Info:    Checking defaults for TS1/cmr/m/n on input line 155.
LaTeX Font Info:    ... okay on input line 155.
LaTeX Font Info:    Checking defaults for OMX/cmex/m/n on input line 155.
LaTeX Font Info:    ... okay on input line 155.
LaTeX Font Info:    Checking defaults for U/cmr/m/n on input line 155.
LaTeX Font Info:    ... okay on input line 155.
LaTeX Font Info:    Checking defaults for PD1/pdf/m/n on input line 155.
LaTeX Font Info:    ... okay on input line 155.
LaTeX Font Info:    Checking defaults for PU/pdf/m/n on input line 155.
LaTeX Font Info:    ... okay on input line 155.

(C:\Users\vince\AppData\Local\Programs\MiKTeX\tex/context/base/mkii\supp-pdf.mk
ii
[Loading MPS to PDF converter (version 2006.09.02).]
\scratchcounter=\count348
\scratchdimen=\dimen275
\scratchbox=\box122
\nofMPsegments=\count349
\nofMParguments=\count350
\everyMPshowfont=\toks37
\MPscratchCnt=\count351
\MPscratchDim=\dimen276
\MPnumerator=\count352
\makeMPintoPDFobject=\count353
\everyMPtoPDFconversion=\toks38
)
(C:\Users\vince\AppData\Local\Programs\MiKTeX\tex/latex/epstopdf-pkg\epstopdf-b
ase.sty
Package: epstopdf-base 2020-01-24 v2.11 Base part for package epstopdf
Package epstopdf-base Info: Redefining graphics rule for `.eps' on input line 4
85.

(C:\Users\vince\AppData\Local\Programs\MiKTeX\tex/latex/00miktex\epstopdf-sys.c
fg
File: epstopdf-sys.cfg 2021/03/18 v2.0 Configuration of epstopdf for MiKTeX
))
LaTeX Info: Redefining \degres on input line 155.


Package french.ldf Warning: Please load the "natbib" package
(french.ldf)                BEFORE babel/french; reported on input line 155.

Package french.ldf Info: Setting StandardItemizeEnv=true for
(french.ldf)             compatibility with enumitem package,
(french.ldf)             reported on input line 155.
Package french.ldf Info: Setting StandardEnumerateEnv=true for
(french.ldf)             compatibility with enumitem package,
(french.ldf)             reported on input line 155.
LaTeX Info: Redefining \up on input line 155.
*geometry* driver: auto-detecting
*geometry* detected driver: pdftex
*geometry* verbose mode - [ preamble ] result:
* driver: pdftex
* paper: a4paper
* layout: <same size as paper>
* layoutoffset:(h,v)=(0.0pt,0.0pt)
* modes: twoside 
* h-part:(L,W,R)=(71.13188pt, 455.24411pt, 71.13188pt)
* v-part:(T,H,B)=(71.13188pt, 702.78308pt, 71.13188pt)
* \paperwidth=597.50787pt
* \paperheight=845.04684pt
* \textwidth=455.24411pt
* \textheight=702.78308pt
* \oddsidemargin=-1.1381pt
* \evensidemargin=-1.1381pt
* \topmargin=-31.2056pt
* \headheight=12.0pt
* \headsep=18.06749pt
* \topskip=10.0pt
* \footskip=25.29494pt
* \marginparwidth=125.0pt
* \marginparsep=7.0pt
* \columnsep=10.0pt
* \skip\footins=9.0pt plus 4.0pt minus 2.0pt
* \hoffset=0.0pt
* \voffset=0.0pt
* \mag=1000
* \@twocolumnfalse
* \@twosidetrue
* \@mparswitchtrue
* \@reversemarginfalse
* (1in=72.27pt=25.4mm, 1cm=28.453pt)

Package hyperref Info: Link coloring ON on input line 155.
(C:\Users\vince\AppData\Local\Programs\MiKTeX\tex/latex/hyperref\nameref.sty
Package: nameref 2021-04-02 v2.47 Cross-referencing by name of section

(C:\Users\vince\AppData\Local\Programs\MiKTeX\tex/latex/refcount\refcount.sty
Package: refcount 2019/12/15 v3.6 Data extraction from label references (HO)
)
(C:\Users\vince\AppData\Local\Programs\MiKTeX\tex/generic/gettitlestring\gettit
lestring.sty
Package: gettitlestring 2019/12/15 v1.6 Cleanup title references (HO)
)
\c@section@level=\count354
)
LaTeX Info: Redefining \ref on input line 155.
LaTeX Info: Redefining \pageref on input line 155.
LaTeX Info: Redefining \nameref on input line 155.
 (refman.out) (refman.out)
\@outlinefile=\write5
\openout5 = `refman.out'.

Package backref Info: ** backref set up for natbib ** on input line 155.
Package caption Info: Begin \AtBeginDocument code.
Package caption Info: End \AtBeginDocument code.
\Etoc@tf=\read5
Package hyperref Info: Option `pageanchor' set `false' on input line 163.
Package hyperref Info: Option `bookmarksnumbered' set `true' on input line 163.

Package hyperref Info: Option `unicode' set `true' on input line 163.
LaTeX Font Info:    Font shape `T1/phv/m/n' will be
(Font)              scaled to size 12.9599pt on input line 168.
LaTeX Font Info:    Font shape `T1/phv/m/n' will be
(Font)              scaled to size 10.79993pt on input line 170.
 [1


{C:/Users/vince/AppData/Local/MiKTeX/fonts/map/pdftex/pdftex.map}] [2

]
\tf@toc=\write6
\openout6 = `refman.toc'.

LaTeX Font Info:    Font shape `T1/phv/b/n' will be
(Font)              scaled to size 8.99994pt on input line 176.
LaTeX Font Info:    Trying to load font information for U+msa on input line 176
.

(C:\Users\vince\AppData\Local\Programs\MiKTeX\tex/latex/amsfonts\umsa.fd
File: umsa.fd 2013/01/14 v3.01 AMS symbols A
)
LaTeX Font Info:    Trying to load font information for U+msb on input line 176
.

(C:\Users\vince\AppData\Local\Programs\MiKTeX\tex/latex/amsfonts\umsb.fd
File: umsb.fd 2013/01/14 v3.01 AMS symbols B
)
LaTeX Font Info:    Trying to load font information for U+wasy on input line 17
6.

(C:\Users\vince\AppData\Local\Programs\MiKTeX\tex/latex/wasysym\uwasy.fd
File: uwasy.fd 2020/01/19 v2.4 Wasy-2 symbol font definitions
)
LaTeX Font Info:    Font shape `T1/phv/b/n' will be
(Font)              scaled to size 6.29996pt on input line 176.

[1]
LaTeX Font Info:    Font shape `T1/phv/m/n' will be
(Font)              scaled to size 6.29996pt on input line 176.
 [2] [3] [4

]
Package hyperref Info: Option `pageanchor' set `true' on input line 179.

Chapitre 1.
LaTeX Font Info:    Font shape `T1/phv/m/n' will be
(Font)              scaled to size 18.66588pt on input line 181.
LaTeX Font Info:    Font shape `T1/phv/b/n' will be
(Font)              scaled to size 18.66588pt on input line 181.
LaTeX Font Info:    Font shape `T1/phv/bc/n' will be
(Font)              scaled to size 18.66588pt on input line 181.
LaTeX Font Info:    Font shape `T1/phv/m/n' will be
(Font)              scaled to size 22.39185pt on input line 181.
LaTeX Font Info:    Font shape `T1/phv/b/n' will be
(Font)              scaled to size 22.39185pt on input line 181.
LaTeX Font Info:    Font shape `T1/phv/bc/n' will be
(Font)              scaled to size 22.39185pt on input line 181.
(hierarchy.tex
LaTeX Font Info:    Font shape `T1/phv/b/n' will be
(Font)              scaled to size 12.9599pt on input line 1.
LaTeX Font Info:    Trying to load font information for TS1+phv on input line 2
.

(C:\Users\vince\AppData\Local\Programs\MiKTeX\tex/latex/psnfss\ts1phv.fd
File: ts1phv.fd 2020/03/25 scalable font definitions for TS1/phv.
)
LaTeX Font Info:    Font shape `TS1/phv/m/n' will be
(Font)              scaled to size 8.99994pt on input line 2.
)
[1

] [2

]
Chapitre 2.
(annotated.tex) [3] [4

]
Chapitre 3.
(files.tex) [5] [6

]
Chapitre 4.
(class_bouton.tex
LaTeX Font Info:    Trying to load font information for T1+pcr on input line 10
.

(C:\Users\vince\AppData\Local\Programs\MiKTeX\tex/latex/psnfss\t1pcr.fd
File: t1pcr.fd 2001/06/04 font definitions for T1/pcr.
) <./class_bouton__inherit__graph.pdf

pdfTeX warning: pdflatex (file ./class_bouton__inherit__graph.pdf): PDF inclusi
on: multiple pdfs with page group included in a single page
>
<class_bouton__inherit__graph.pdf, id=657, 202.7575pt x 299.1175pt>
File: class_bouton__inherit__graph.pdf Graphic file (type pdf)
<use class_bouton__inherit__graph.pdf>
Package pdftex.def Info: class_bouton__inherit__graph.pdf  used on input line 1
8.
(pdftex.def)             Requested size: 202.0pt x 298.00766pt.
 <./class_bouton__coll__graph.pdf

pdfTeX warning: pdflatex (file ./class_bouton__coll__graph.pdf): PDF inclusion:
 multiple pdfs with page group included in a single page
>
<class_bouton__coll__graph.pdf, id=665, 202.7575pt x 299.1175pt>
File: class_bouton__coll__graph.pdf Graphic file (type pdf)
<use class_bouton__coll__graph.pdf>
Package pdftex.def Info: class_bouton__coll__graph.pdf  used on input line 28.
(pdftex.def)             Requested size: 202.0pt x 298.00766pt.
 [7]
LaTeX Font Info:    Font shape `T1/phv/b/n' will be
(Font)              scaled to size 10.79993pt on input line 31.
LaTeX Font Info:    Font shape `T1/phv/m/n' will be
(Font)              scaled to size 8.09995pt on input line 35.
LaTeX Font Info:    Font shape `T1/phv/m/it' in size <9> not available
(Font)              Font shape `T1/phv/m/sl' tried instead on input line 35.
LaTeX Font Info:    Font shape `T1/phv/m/sl' will be
(Font)              scaled to size 8.09995pt on input line 35.
LaTeX Font Info:    Font shape `TS1/phv/m/it' in size <9> not available
(Font)              Font shape `TS1/phv/m/sl' tried instead on input line 39.
LaTeX Font Info:    Font shape `TS1/phv/m/sl' will be
(Font)              scaled to size 8.09995pt on input line 39.
LaTeX Font Info:    Font shape `T1/phv/m/n' will be
(Font)              scaled to size 7.19995pt on input line 60.
 [8]
LaTeX Font Info:    Font shape `T1/phv/bc/n' will be
(Font)              scaled to size 8.99994pt on input line 79.

Underfull \hbox (badness 10000) detected at line 79
[][][]
 []


Underfull \hbox (badness 10000) detected at line 96
[][][]
 []

) (class_buzzer.tex <./class_buzzer__inherit__graph.pdf>
<class_buzzer__inherit__graph.pdf, id=711, 190.7125pt x 310.15875pt>
File: class_buzzer__inherit__graph.pdf Graphic file (type pdf)
<use class_buzzer__inherit__graph.pdf>
Package pdftex.def Info: class_buzzer__inherit__graph.pdf  used on input line 1
9.
(pdftex.def)             Requested size: 190.0pt x 309.01268pt.
 [9] <./class_buzzer__coll__graph.pdf

pdfTeX warning: pdflatex (file ./class_buzzer__coll__graph.pdf): PDF inclusion:
 multiple pdfs with page group included in a single page
>
<class_buzzer__coll__graph.pdf, id=723, 190.7125pt x 310.15875pt>
File: class_buzzer__coll__graph.pdf Graphic file (type pdf)
<use class_buzzer__coll__graph.pdf>
Package pdftex.def Info: class_buzzer__coll__graph.pdf  used on input line 29.
(pdftex.def)             Requested size: 190.0pt x 309.01268pt.
 [10] [11]
Underfull \hbox (badness 10000) detected at line 59
[][][]
 []


Underfull \hbox (badness 10000) detected at line 104
[][][]
 []

) (class_display.tex [12] <./class_display__inherit__graph.pdf

pdfTeX warning: pdflatex (file ./class_display__inherit__graph.pdf): PDF inclus
ion: multiple pdfs with page group included in a single page
>
<class_display__inherit__graph.pdf, id=770, 211.79124pt x 332.24126pt>
File: class_display__inherit__graph.pdf Graphic file (type pdf)
<use class_display__inherit__graph.pdf>
Package pdftex.def Info: class_display__inherit__graph.pdf  used on input line 
18.
(pdftex.def)             Requested size: 211.0pt x 331.01358pt.
 <./class_display__coll__graph.pdf

pdfTeX warning: pdflatex (file ./class_display__coll__graph.pdf): PDF inclusion
: multiple pdfs with page group included in a single page
>
<class_display__coll__graph.pdf, id=778, 211.79124pt x 332.24126pt>
File: class_display__coll__graph.pdf Graphic file (type pdf)
<use class_display__coll__graph.pdf>
Package pdftex.def Info: class_display__coll__graph.pdf  used on input line 28.

(pdftex.def)             Requested size: 211.0pt x 331.01358pt.
 [13] [14]
Underfull \hbox (badness 10000) detected at line 58
[][][]
 []

LaTeX Font Info:    Font shape `T1/pcr/m/it' in size <8> not available
(Font)              Font shape `T1/pcr/m/sl' tried instead on input line 91.
[15]) (class_mail.tex <./class_mail__coll__graph.pdf

pdfTeX warning: pdflatex (file ./class_mail__coll__graph.pdf): PDF inclusion: m
ultiple pdfs with page group included in a single page
>
<class_mail__coll__graph.pdf, id=829, 187.70125pt x 160.6pt>
File: class_mail__coll__graph.pdf Graphic file (type pdf)
<use class_mail__coll__graph.pdf>
Package pdftex.def Info: class_mail__coll__graph.pdf  used on input line 19.
(pdftex.def)             Requested size: 187.0pt x 160.009pt.
 [16]) (class_motion.tex <./class_motion__inherit__graph.pdf>
<class_motion__inherit__graph.pdf, id=860, 202.7575pt x 365.365pt>
File: class_motion__inherit__graph.pdf Graphic file (type pdf)
<use class_motion__inherit__graph.pdf>
Package pdftex.def Info: class_motion__inherit__graph.pdf  used on input line 1
9.
(pdftex.def)             Requested size: 202.0pt x 364.00937pt.
 [17] <./class_motion__coll__graph.pdf

pdfTeX warning: pdflatex (file ./class_motion__coll__graph.pdf): PDF inclusion:
 multiple pdfs with page group included in a single page
>
<class_motion__coll__graph.pdf, id=872, 202.7575pt x 365.365pt>
File: class_motion__coll__graph.pdf Graphic file (type pdf)
<use class_motion__coll__graph.pdf>
Package pdftex.def Info: class_motion__coll__graph.pdf  used on input line 29.
(pdftex.def)             Requested size: 202.0pt x 364.00937pt.
 [18] [19]
Underfull \hbox (badness 10000) detected at line 63
[][][]
 []


Underfull \hbox (badness 10000) detected at line 92
[][][]
 []


Underfull \hbox (badness 10000) detected at line 105
[][][]
 []

[20]
Underfull \hbox (badness 10000) detected at line 138
[][][]
 []

) (class_sensor.tex <./class_sensor__inherit__graph.pdf

pdfTeX warning: pdflatex (file ./class_sensor__inherit__graph.pdf): PDF inclusi
on: multiple pdfs with page group included in a single page
>
<class_sensor__inherit__graph.pdf, id=924, 619.31375pt x 365.365pt>
File: class_sensor__inherit__graph.pdf Graphic file (type pdf)
<use class_sensor__inherit__graph.pdf>
Package pdftex.def Info: class_sensor__inherit__graph.pdf  used on input line 1
9.
(pdftex.def)             Requested size: 350.0pt x 206.49294pt.
 [21] <./class_sensor__coll__graph.pdf

pdfTeX warning: pdflatex (file ./class_sensor__coll__graph.pdf): PDF inclusion:
 multiple pdfs with page group included in a single page
>
<class_sensor__coll__graph.pdf, id=936, 190.7125pt x 171.64125pt>
File: class_sensor__coll__graph.pdf Graphic file (type pdf)
<use class_sensor__coll__graph.pdf>
Package pdftex.def Info: class_sensor__coll__graph.pdf  used on input line 29.
(pdftex.def)             Requested size: 190.0pt x 171.00699pt.
 [22]
Underfull \hbox (badness 10000) detected at line 57
[][][]
 []


Underfull \hbox (badness 10000) detected at line 74
[][][]
 []

) (class_wifi.tex <./class_wifi__coll__graph.pdf>
<class_wifi__coll__graph.pdf, id=965, 211.79124pt x 248.93pt>
File: class_wifi__coll__graph.pdf Graphic file (type pdf)
<use class_wifi__coll__graph.pdf>
Package pdftex.def Info: class_wifi__coll__graph.pdf  used on input line 19.
(pdftex.def)             Requested size: 211.0pt x 248.01018pt.
 [23] [24]
Underfull \hbox (badness 10000) detected at line 84
[][][]
 []

[25]
Underfull \hbox (badness 10000) detected at line 154
[][][]
 []

[26]
Underfull \hbox (badness 10000) detected at line 167
[][][]
 []

) [27] [28

]
Chapitre 5.
(_bouton_8cpp.tex <./_bouton_8cpp__incl.pdf

pdfTeX warning: pdflatex (file ./_bouton_8cpp__incl.pdf): PDF inclusion: multip
le pdfs with page group included in a single page
>
<_bouton_8cpp__incl.pdf, id=1028, 250.9375pt x 264.99pt>
File: _bouton_8cpp__incl.pdf Graphic file (type pdf)
<use _bouton_8cpp__incl.pdf>
Package pdftex.def Info: _bouton_8cpp__incl.pdf  used on input line 9.
(pdftex.def)             Requested size: 250.0pt x 264.01488pt.
) (_bouton_8hpp.tex <./_bouton_8hpp__incl.pdf

pdfTeX warning: pdflatex (file ./_bouton_8hpp__incl.pdf): PDF inclusion: multip
le pdfs with page group included in a single page
>
<_bouton_8hpp__incl.pdf, id=1036, 170.6375pt x 209.78375pt>
File: _bouton_8hpp__incl.pdf Graphic file (type pdf)
<use _bouton_8hpp__incl.pdf>
Package pdftex.def Info: _bouton_8hpp__incl.pdf  used on input line 8.
(pdftex.def)             Requested size: 170.0pt x 209.01176pt.
 [29] <./_bouton_8hpp__dep__incl.pdf>
<_bouton_8hpp__dep__incl.pdf, id=1050, 170.6375pt x 154.5775pt>
File: _bouton_8hpp__dep__incl.pdf Graphic file (type pdf)
<use _bouton_8hpp__dep__incl.pdf>
Package pdftex.def Info: _bouton_8hpp__dep__incl.pdf  used on input line 15.
(pdftex.def)             Requested size: 170.0pt x 154.00865pt.
) (_bouton_8hpp_source.tex)
(_buzzer_8cpp.tex <./_buzzer_8cpp__incl.pdf

pdfTeX warning: pdflatex (file ./_buzzer_8cpp__incl.pdf): PDF inclusion: multip
le pdfs with page group included in a single page
>
<_buzzer_8cpp__incl.pdf, id=1067, 250.9375pt x 264.99pt>
File: _buzzer_8cpp__incl.pdf Graphic file (type pdf)
<use _buzzer_8cpp__incl.pdf>
Package pdftex.def Info: _buzzer_8cpp__incl.pdf  used on input line 9.
(pdftex.def)             Requested size: 250.0pt x 264.01488pt.
 [30]) (_buzzer_8hpp.tex <./_buzzer_8hpp__incl.pdf>
<_buzzer_8hpp__incl.pdf, id=1084, 170.6375pt x 209.78375pt>
File: _buzzer_8hpp__incl.pdf Graphic file (type pdf)
<use _buzzer_8hpp__incl.pdf>
Package pdftex.def Info: _buzzer_8hpp__incl.pdf  used on input line 8.
(pdftex.def)             Requested size: 170.0pt x 209.01176pt.
 <./_buzzer_8hpp__dep__incl.pdf

pdfTeX warning: pdflatex (file ./_buzzer_8hpp__dep__incl.pdf): PDF inclusion: m
ultiple pdfs with page group included in a single page
>
<_buzzer_8hpp__dep__incl.pdf, id=1092, 170.6375pt x 154.5775pt>
File: _buzzer_8hpp__dep__incl.pdf Graphic file (type pdf)
<use _buzzer_8hpp__dep__incl.pdf>
Package pdftex.def Info: _buzzer_8hpp__dep__incl.pdf  used on input line 15.
(pdftex.def)             Requested size: 170.0pt x 154.00865pt.
 [31]) (_buzzer_8hpp_source.tex) (_display_8cpp.tex <./_display_8cpp__incl.pdf>
<_display_8cpp__incl.pdf, id=1118, 433.62pt x 264.99pt>
File: _display_8cpp__incl.pdf Graphic file (type pdf)
<use _display_8cpp__incl.pdf>
Package pdftex.def Info: _display_8cpp__incl.pdf  used on input line 8.
(pdftex.def)             Requested size: 350.0pt x 213.90077pt.
) (_display_8hpp.tex [32] <./_display_8hpp__incl.pdf>
<_display_8hpp__incl.pdf, id=1134, 433.62pt x 209.78375pt>
File: _display_8hpp__incl.pdf Graphic file (type pdf)
<use _display_8hpp__incl.pdf>
Package pdftex.def Info: _display_8hpp__incl.pdf  used on input line 11.
(pdftex.def)             Requested size: 350.0pt x 169.3381pt.
 <./_display_8hpp__dep__incl.pdf

pdfTeX warning: pdflatex (file ./_display_8hpp__dep__incl.pdf): PDF inclusion: 
multiple pdfs with page group included in a single page
>
<_display_8hpp__dep__incl.pdf, id=1142, 172.645pt x 154.5775pt>
File: _display_8hpp__dep__incl.pdf Graphic file (type pdf)
<use _display_8hpp__dep__incl.pdf>
Package pdftex.def Info: _display_8hpp__dep__incl.pdf  used on input line 18.
(pdftex.def)             Requested size: 172.0pt x 154.00159pt.
 [33]) (_display_8hpp_source.tex) (_mail_8cpp.tex <./_mail_8cpp__incl.pdf>
<_mail_8cpp__incl.pdf, id=1167, 178.6675pt x 209.78375pt>
File: _mail_8cpp__incl.pdf Graphic file (type pdf)
<use _mail_8cpp__incl.pdf>
Package pdftex.def Info: _mail_8cpp__incl.pdf  used on input line 8.
(pdftex.def)             Requested size: 178.0pt x 209.01176pt.
)
(_mail_8hpp.tex [34] <./_mail_8hpp__incl.pdf>
<_mail_8hpp__incl.pdf, id=1183, 178.6675pt x 154.5775pt>
File: _mail_8hpp__incl.pdf Graphic file (type pdf)
<use _mail_8hpp__incl.pdf>
Package pdftex.def Info: _mail_8hpp__incl.pdf  used on input line 8.
(pdftex.def)             Requested size: 178.0pt x 154.00865pt.
 <./_mail_8hpp__dep__incl.pdf

pdfTeX warning: pdflatex (file ./_mail_8hpp__dep__incl.pdf): PDF inclusion: mul
tiple pdfs with page group included in a single page
>
<_mail_8hpp__dep__incl.pdf, id=1191, 157.58875pt x 154.5775pt>
File: _mail_8hpp__dep__incl.pdf Graphic file (type pdf)
<use _mail_8hpp__dep__incl.pdf>
Package pdftex.def Info: _mail_8hpp__dep__incl.pdf  used on input line 15.
(pdftex.def)             Requested size: 157.0pt x 154.00865pt.
 [35] [36]
LaTeX Font Info:    Trying to load font information for TS1+pcr on input line 8
3.

(C:\Users\vince\AppData\Local\Programs\MiKTeX\tex/latex/psnfss\ts1pcr.fd
File: ts1pcr.fd 2001/06/04 font definitions for TS1/pcr.
))
(_mail_8hpp_source.tex [37]) (_motion_8cpp.tex <./_motion_8cpp__incl.pdf

pdfTeX warning: pdflatex (file ./_motion_8cpp__incl.pdf): PDF inclusion: multip
le pdfs with page group included in a single page
>
<_motion_8cpp__incl.pdf, id=1246, 250.9375pt x 264.99pt>
File: _motion_8cpp__incl.pdf Graphic file (type pdf)
<use _motion_8cpp__incl.pdf>
Package pdftex.def Info: _motion_8cpp__incl.pdf  used on input line 9.
(pdftex.def)             Requested size: 250.0pt x 264.01488pt.
) (_motion_8hpp.tex <./_motion_8hpp__incl.pdf

pdfTeX warning: pdflatex (file ./_motion_8hpp__incl.pdf): PDF inclusion: multip
le pdfs with page group included in a single page
>
<_motion_8hpp__incl.pdf, id=1254, 169.63374pt x 209.78375pt>
File: _motion_8hpp__incl.pdf Graphic file (type pdf)
<use _motion_8hpp__incl.pdf>
Package pdftex.def Info: _motion_8hpp__incl.pdf  used on input line 8.
(pdftex.def)             Requested size: 169.0pt x 209.00856pt.
 [38] <./_motion_8hpp__dep__incl.pdf>
<_motion_8hpp__dep__incl.pdf, id=1268, 169.63374pt x 154.5775pt>
File: _motion_8hpp__dep__incl.pdf Graphic file (type pdf)
<use _motion_8hpp__dep__incl.pdf>
Package pdftex.def Info: _motion_8hpp__dep__incl.pdf  used on input line 15.
(pdftex.def)             Requested size: 169.0pt x 154.0063pt.
) (_motion_8hpp_source.tex [39])
(_sensor_8cpp.tex <./_sensor_8cpp__incl.pdf>
<_sensor_8cpp__incl.pdf, id=1297, 250.9375pt x 209.78375pt>
File: _sensor_8cpp__incl.pdf Graphic file (type pdf)
<use _sensor_8cpp__incl.pdf>
Package pdftex.def Info: _sensor_8cpp__incl.pdf  used on input line 9.
(pdftex.def)             Requested size: 250.0pt x 209.01176pt.
) (_sensor_8hpp.tex <./_sensor_8hpp__incl.pdf

pdfTeX warning: pdflatex (file ./_sensor_8hpp__incl.pdf): PDF inclusion: multip
le pdfs with page group included in a single page
>
<_sensor_8hpp__incl.pdf, id=1305, 170.6375pt x 154.5775pt>
File: _sensor_8hpp__incl.pdf Graphic file (type pdf)
<use _sensor_8hpp__incl.pdf>
Package pdftex.def Info: _sensor_8hpp__incl.pdf  used on input line 8.
(pdftex.def)             Requested size: 170.0pt x 154.00865pt.
 [40] <./_sensor_8hpp__dep__incl.pdf>
<_sensor_8hpp__dep__incl.pdf, id=1319, 606.265pt x 209.78375pt>
File: _sensor_8hpp__dep__incl.pdf Graphic file (type pdf)
<use _sensor_8hpp__dep__incl.pdf>
Package pdftex.def Info: _sensor_8hpp__dep__incl.pdf  used on input line 15.
(pdftex.def)             Requested size: 350.0pt x 121.11127pt.
) (_sensor_8hpp_source.tex)
(_wifi_8cpp.tex <./_wifi_8cpp__incl.pdf

pdfTeX warning: pdflatex (file ./_wifi_8cpp__incl.pdf): PDF inclusion: multiple
 pdfs with page group included in a single page
>
<_wifi_8cpp__incl.pdf, id=1333, 166.6225pt x 209.78375pt>
File: _wifi_8cpp__incl.pdf Graphic file (type pdf)
<use _wifi_8cpp__incl.pdf>
Package pdftex.def Info: _wifi_8cpp__incl.pdf  used on input line 8.
(pdftex.def)             Requested size: 166.0pt x 209.01497pt.
) (_wifi_8hpp.tex [41] <./_wifi_8hpp__incl.pdf>
<_wifi_8hpp__incl.pdf, id=1350, 166.6225pt x 154.5775pt>
File: _wifi_8hpp__incl.pdf Graphic file (type pdf)
<use _wifi_8hpp__incl.pdf>
Package pdftex.def Info: _wifi_8hpp__incl.pdf  used on input line 8.
(pdftex.def)             Requested size: 166.0pt x 154.01102pt.
 <./_wifi_8hpp__dep__incl.pdf

pdfTeX warning: pdflatex (file ./_wifi_8hpp__dep__incl.pdf): PDF inclusion: mul
tiple pdfs with page group included in a single page
>
<_wifi_8hpp__dep__incl.pdf, id=1358, 156.585pt x 154.5775pt>
File: _wifi_8hpp__dep__incl.pdf Graphic file (type pdf)
<use _wifi_8hpp__dep__incl.pdf>
Package pdftex.def Info: _wifi_8hpp__dep__incl.pdf  used on input line 15.
(pdftex.def)             Requested size: 156.0pt x 154.0063pt.
 [42]) (_wifi_8hpp_source.tex [43]) [44] (refman.ind [45



] [46

]) (refman.aux)
Package rerunfilecheck Info: File `refman.out' has not changed.
(rerunfilecheck)             Checksum: F2C56E58AC95493D9B6D7DF204330A14;22798.
 ) 
Here is how much of TeX's memory you used:
 20388 strings out of 478584
 343338 string characters out of 2844402
 661441 words of memory out of 3000000
 37857 multiletter control sequences out of 15000+600000
 525341 words of font info for 97 fonts, out of 8000000 for 9000
 1141 hyphenation exceptions out of 8191
 99i,16n,117p,421b,598s stack positions out of 5000i,500n,10000p,200000b,80000s
{C:/Users/vince/AppData/Local/Programs/MiKTeX/fonts/enc/dvips/base/8r.enc}<C:
/Users/vince/AppData/Local/Programs/MiKTeX/fonts/type1/public/amsfonts/cm/cmmi1
0.pfb><C:/Users/vince/AppData/Local/Programs/MiKTeX/fonts/type1/public/amsfonts
/cm/cmsy10.pfb><C:/Users/vince/AppData/Local/Programs/MiKTeX/fonts/type1/public
/amsfonts/cm/cmsy8.pfb><C:/Users/vince/AppData/Local/Programs/MiKTeX/fonts/type
1/urw/courier/ucrr8a.pfb><C:/Users/vince/AppData/Local/Programs/MiKTeX/fonts/ty
pe1/urw/courier/ucrro8a.pfb><C:/Users/vince/AppData/Local/Programs/MiKTeX/fonts
/type1/urw/helvetic/uhvb8a.pfb><C:/Users/vince/AppData/Local/Programs/MiKTeX/fo
nts/type1/urw/helvetic/uhvb8ac.pfb><C:/Users/vince/AppData/Local/Programs/MiKTe
X/fonts/type1/urw/helvetic/uhvr8a.pfb><C:/Users/vince/AppData/Local/Programs/Mi
KTeX/fonts/type1/urw/helvetic/uhvro8a.pfb>
Output written on refman.pdf (52 pages, 848161 bytes).
PDF statistics:
 1631 PDF objects out of 1728 (max. 8388607)
 286 named destinations out of 1000 (max. 500000)
 1022 words of extra memory for PDF output out of 10000 (max. 10000000)

